<?xml version="1.0" encoding="UTF-8"?>
<!-- Generated by org.testng.reporters.JUnitReportReporter -->
<testsuite skipped="0" hostname="Sheiks-MacBook-Air.local" name="com.testrunner.TestRunner" tests="1" failures="0" timestamp="29 Feb 2020 21:49:26 GMT" time="10.479" errors="0">
  <testcase name="feature" time="10.479" classname="com.testrunner.TestRunner"/>
</testsuite> <!-- com.testrunner.TestRunner -->
